<?xml version="1.0" encoding="UTF-8"?>
<testsuite name="org.ecommerce.domain.OrderTest" tests="5" skipped="0" failures="0" errors="0" timestamp="2023-05-03T17:31:33" hostname="DESKTOP-TRDO32M" time="0.223">
  <properties/>
  <testcase name="testEditOrder()" classname="org.ecommerce.domain.OrderTest" time="0.042"/>
  <testcase name="testAddOrder()" classname="org.ecommerce.domain.OrderTest" time="0.047"/>
  <testcase name="testOrderDeleteById()" classname="org.ecommerce.domain.OrderTest" time="0.057"/>
  <testcase name="testGetOrders()" classname="org.ecommerce.domain.OrderTest" time="0.038"/>
  <testcase name="testOrderGetById()" classname="org.ecommerce.domain.OrderTest" time="0.036"/>
  <system-out><![CDATA[2023-05-03T19:31:33.653+02:00  INFO 11016 --- [    Test worker] t.c.s.AnnotationConfigContextLoaderUtils : Could not detect default configuration classes for test class [org.ecommerce.domain.OrderTest]: OrderTest does not declare any static, non-private, non-final, nested classes annotated with @Configuration.
2023-05-03T19:31:33.655+02:00  INFO 11016 --- [    Test worker] .b.t.c.SpringBootTestContextBootstrapper : Found @SpringBootConfiguration org.ecommerce.EcommerceApplication for test class org.ecommerce.domain.OrderTest
Hibernate: insert into users (is_active, sign_up_date, email, login, password, user_id) values (?, ?, ?, ?, ?, ?)
Hibernate: insert into carts (user_id, id) values (?, ?)
Hibernate: insert into orders (cart_id, id) values (?, ?)
Hibernate: insert into orders (cart_id, id) values (?, ?)
Hibernate: select o1_0.id,c1_0.id,u1_0.user_id,u1_0.is_active,u1_0.sign_up_date,u1_0.email,u1_0.login,u1_0.password from orders o1_0 join carts c1_0 on c1_0.id=o1_0.cart_id left join users u1_0 on u1_0.user_id=c1_0.user_id where o1_0.id=?
Hibernate: select o1_0.id,o1_0.cart_id from orders o1_0
Hibernate: select c1_0.id,u1_0.user_id,u1_0.is_active,u1_0.sign_up_date,u1_0.email,u1_0.login,u1_0.password from carts c1_0 join users u1_0 on u1_0.user_id=c1_0.user_id where c1_0.id=?
Hibernate: delete from orders where id=?
Hibernate: delete from orders where id=?
Hibernate: select c1_0.id,c1_0.user_id from carts c1_0
Hibernate: select u1_0.user_id,u1_0.is_active,u1_0.sign_up_date,u1_0.email,u1_0.login,u1_0.password from users u1_0 where u1_0.user_id=?
Hibernate: delete from join_carts_products where cart_id=?
Hibernate: delete from carts where id=?
Hibernate: select u1_0.user_id,u1_0.is_active,u1_0.sign_up_date,u1_0.email,u1_0.login,u1_0.password from users u1_0
Hibernate: select c1_0.user_id,c1_0.id from carts c1_0 where c1_0.user_id=?
Hibernate: delete from users where user_id=?
Hibernate: insert into users (is_active, sign_up_date, email, login, password, user_id) values (?, ?, ?, ?, ?, ?)
Hibernate: insert into carts (user_id, id) values (?, ?)
Hibernate: insert into orders (cart_id, id) values (?, ?)
Hibernate: insert into orders (cart_id, id) values (?, ?)
Hibernate: select count(*) from orders o1_0
Hibernate: select o1_0.id,o1_0.cart_id from orders o1_0
Hibernate: select c1_0.id,u1_0.user_id,u1_0.is_active,u1_0.sign_up_date,u1_0.email,u1_0.login,u1_0.password from carts c1_0 join users u1_0 on u1_0.user_id=c1_0.user_id where c1_0.id=?
Hibernate: delete from orders where id=?
Hibernate: delete from orders where id=?
Hibernate: select c1_0.id,c1_0.user_id from carts c1_0
Hibernate: select u1_0.user_id,u1_0.is_active,u1_0.sign_up_date,u1_0.email,u1_0.login,u1_0.password from users u1_0 where u1_0.user_id=?
Hibernate: delete from join_carts_products where cart_id=?
Hibernate: delete from carts where id=?
Hibernate: select u1_0.user_id,u1_0.is_active,u1_0.sign_up_date,u1_0.email,u1_0.login,u1_0.password from users u1_0
Hibernate: select c1_0.user_id,c1_0.id from carts c1_0 where c1_0.user_id=?
Hibernate: delete from users where user_id=?
Hibernate: insert into users (is_active, sign_up_date, email, login, password, user_id) values (?, ?, ?, ?, ?, ?)
Hibernate: insert into carts (user_id, id) values (?, ?)
Hibernate: insert into orders (cart_id, id) values (?, ?)
Hibernate: insert into orders (cart_id, id) values (?, ?)
Hibernate: insert into orders (cart_id, id) values (?, ?)
Hibernate: select count(*) from orders o1_0
Hibernate: select o1_0.id,c1_0.id,u1_0.user_id,u1_0.is_active,u1_0.sign_up_date,u1_0.email,u1_0.login,u1_0.password from orders o1_0 join carts c1_0 on c1_0.id=o1_0.cart_id left join users u1_0 on u1_0.user_id=c1_0.user_id where o1_0.id=?
Hibernate: delete from orders where id=?
Hibernate: select count(*) from orders o1_0
Hibernate: select o1_0.id,c1_0.id,u1_0.user_id,u1_0.is_active,u1_0.sign_up_date,u1_0.email,u1_0.login,u1_0.password from orders o1_0 join carts c1_0 on c1_0.id=o1_0.cart_id left join users u1_0 on u1_0.user_id=c1_0.user_id where o1_0.id=?
Hibernate: select o1_0.id,o1_0.cart_id from orders o1_0
Hibernate: select c1_0.id,u1_0.user_id,u1_0.is_active,u1_0.sign_up_date,u1_0.email,u1_0.login,u1_0.password from carts c1_0 join users u1_0 on u1_0.user_id=c1_0.user_id where c1_0.id=?
Hibernate: delete from orders where id=?
Hibernate: delete from orders where id=?
Hibernate: select c1_0.id,c1_0.user_id from carts c1_0
Hibernate: select u1_0.user_id,u1_0.is_active,u1_0.sign_up_date,u1_0.email,u1_0.login,u1_0.password from users u1_0 where u1_0.user_id=?
Hibernate: delete from join_carts_products where cart_id=?
Hibernate: delete from carts where id=?
Hibernate: select u1_0.user_id,u1_0.is_active,u1_0.sign_up_date,u1_0.email,u1_0.login,u1_0.password from users u1_0
Hibernate: select c1_0.user_id,c1_0.id from carts c1_0 where c1_0.user_id=?
Hibernate: delete from users where user_id=?
Hibernate: insert into users (is_active, sign_up_date, email, login, password, user_id) values (?, ?, ?, ?, ?, ?)
Hibernate: insert into carts (user_id, id) values (?, ?)
Hibernate: insert into orders (cart_id, id) values (?, ?)
Hibernate: insert into orders (cart_id, id) values (?, ?)
Hibernate: insert into orders (cart_id, id) values (?, ?)
Hibernate: select o1_0.id,o1_0.cart_id from orders o1_0
Hibernate: select c1_0.id,u1_0.user_id,u1_0.is_active,u1_0.sign_up_date,u1_0.email,u1_0.login,u1_0.password from carts c1_0 join users u1_0 on u1_0.user_id=c1_0.user_id where c1_0.id=?
Hibernate: select o1_0.id,o1_0.cart_id from orders o1_0
Hibernate: select c1_0.id,u1_0.user_id,u1_0.is_active,u1_0.sign_up_date,u1_0.email,u1_0.login,u1_0.password from carts c1_0 join users u1_0 on u1_0.user_id=c1_0.user_id where c1_0.id=?
Hibernate: delete from orders where id=?
Hibernate: delete from orders where id=?
Hibernate: delete from orders where id=?
Hibernate: select c1_0.id,c1_0.user_id from carts c1_0
Hibernate: select u1_0.user_id,u1_0.is_active,u1_0.sign_up_date,u1_0.email,u1_0.login,u1_0.password from users u1_0 where u1_0.user_id=?
Hibernate: delete from join_carts_products where cart_id=?
Hibernate: delete from carts where id=?
Hibernate: insert into users (is_active, sign_up_date, email, login, password, user_id) values (?, ?, ?, ?, ?, ?)
Hibernate: insert into carts (user_id, id) values (?, ?)
Hibernate: insert into orders (cart_id, id) values (?, ?)
Hibernate: select o1_0.id,c1_0.id,u1_0.user_id,u1_0.is_active,u1_0.sign_up_date,u1_0.email,u1_0.login,u1_0.password from orders o1_0 join carts c1_0 on c1_0.id=o1_0.cart_id left join users u1_0 on u1_0.user_id=c1_0.user_id where o1_0.id=?
Hibernate: select o1_0.id,o1_0.cart_id from orders o1_0
Hibernate: select c1_0.id,u1_0.user_id,u1_0.is_active,u1_0.sign_up_date,u1_0.email,u1_0.login,u1_0.password from carts c1_0 join users u1_0 on u1_0.user_id=c1_0.user_id where c1_0.id=?
Hibernate: delete from orders where id=?
Hibernate: select c1_0.id,c1_0.user_id from carts c1_0
Hibernate: select u1_0.user_id,u1_0.is_active,u1_0.sign_up_date,u1_0.email,u1_0.login,u1_0.password from users u1_0 where u1_0.user_id=?
Hibernate: delete from join_carts_products where cart_id=?
Hibernate: delete from carts where id=?
Hibernate: select u1_0.user_id,u1_0.is_active,u1_0.sign_up_date,u1_0.email,u1_0.login,u1_0.password from users u1_0
Hibernate: select c1_0.user_id,c1_0.id from carts c1_0 where c1_0.user_id=?
Hibernate: select c1_0.user_id,c1_0.id from carts c1_0 where c1_0.user_id=?
Hibernate: delete from users where user_id=?
Hibernate: delete from users where user_id=?
]]></system-out>
  <system-err><![CDATA[]]></system-err>
</testsuite>
