<?xml version="1.0" encoding="UTF-8"?>
<testsuite name="org.ecommerce.api.CurrencyTest" tests="1" skipped="0" failures="0" errors="0" timestamp="2023-05-03T17:31:32" hostname="DESKTOP-TRDO32M" time="0.001">
  <properties/>
  <testcase name="testCurrencyConstructor()" classname="org.ecommerce.api.CurrencyTest" time="0.001"/>
  <system-out><![CDATA[]]></system-out>
  <system-err><![CDATA[]]></system-err>
</testsuite>
