<?xml version="1.0" encoding="UTF-8"?>
<testsuite name="org.ecommerce.api.CurrencyConfigTest" tests="2" skipped="0" failures="0" errors="0" timestamp="2023-05-03T17:31:24" hostname="DESKTOP-TRDO32M" time="0.005">
  <properties/>
  <testcase name="testCurrencyConverterApiKey()" classname="org.ecommerce.api.CurrencyConfigTest" time="0.004"/>
  <testcase name="testCurrencyConverterApiEndPoint()" classname="org.ecommerce.api.CurrencyConfigTest" time="0.001"/>
  <system-out><![CDATA[]]></system-out>
  <system-err><![CDATA[]]></system-err>
</testsuite>
