<?xml version="1.0" encoding="UTF-8"?>
<testsuite name="org.ecommerce.domain.CartTest" tests="8" skipped="0" failures="0" errors="0" timestamp="2023-05-03T17:31:32" hostname="DESKTOP-TRDO32M" time="0.975">
  <properties/>
  <testcase name="testCartRepositoryGetById()" classname="org.ecommerce.domain.CartTest" time="0.319"/>
  <testcase name="testCartCascadeWhenRemoveOrder()" classname="org.ecommerce.domain.CartTest" time="0.345"/>
  <testcase name="testCartRepositoryGet()" classname="org.ecommerce.domain.CartTest" time="0.052"/>
  <testcase name="testCartRepositoryPut()" classname="org.ecommerce.domain.CartTest" time="0.052"/>
  <testcase name="tesCartDeleteById()" classname="org.ecommerce.domain.CartTest" time="0.061"/>
  <testcase name="tesCartRepositoryPost()" classname="org.ecommerce.domain.CartTest" time="0.056"/>
  <testcase name="testCartCascadeWhenRemoveUser()" classname="org.ecommerce.domain.CartTest" time="0.04"/>
  <testcase name="testCartCascadeWhenRemoveProduct()" classname="org.ecommerce.domain.CartTest" time="0.043"/>
  <system-out><![CDATA[2023-05-03T19:31:32.533+02:00  INFO 11016 --- [    Test worker] t.c.s.AnnotationConfigContextLoaderUtils : Could not detect default configuration classes for test class [org.ecommerce.domain.CartTest]: CartTest does not declare any static, non-private, non-final, nested classes annotated with @Configuration.
2023-05-03T19:31:32.541+02:00  INFO 11016 --- [    Test worker] .b.t.c.SpringBootTestContextBootstrapper : Found @SpringBootConfiguration org.ecommerce.EcommerceApplication for test class org.ecommerce.domain.CartTest
Hibernate: select max(user_id) from users
Hibernate: insert into users (is_active, sign_up_date, email, login, password, user_id) values (?, ?, ?, ?, ?, ?)
Hibernate: select max(id) from carts
Hibernate: insert into carts (user_id, id) values (?, ?)
Hibernate: insert into carts (user_id, id) values (?, ?)
Hibernate: select u1_0.user_id,u1_0.is_active,u1_0.sign_up_date,u1_0.email,u1_0.login,u1_0.password from users u1_0
Hibernate: select c1_0.user_id,c1_0.id from carts c1_0 where c1_0.user_id=?
Hibernate: delete from join_carts_products where cart_id=?
Hibernate: delete from join_carts_products where cart_id=?
Hibernate: delete from carts where id=?
Hibernate: delete from carts where id=?
Hibernate: delete from users where user_id=?
Hibernate: select c1_0.id,c1_0.user_id from carts c1_0
Hibernate: insert into users (is_active, sign_up_date, email, login, password, user_id) values (?, ?, ?, ?, ?, ?)
Hibernate: insert into carts (user_id, id) values (?, ?)
Hibernate: select max(id) from orders
Hibernate: insert into orders (cart_id, id) values (?, ?)
Hibernate: select count(*) from carts c1_0
Hibernate: select o1_0.id,c1_0.id,u1_0.user_id,u1_0.is_active,u1_0.sign_up_date,u1_0.email,u1_0.login,u1_0.password from orders o1_0 join carts c1_0 on c1_0.id=o1_0.cart_id left join users u1_0 on u1_0.user_id=c1_0.user_id where o1_0.id=?
Hibernate: delete from orders where id=?
Hibernate: select count(*) from carts c1_0
Hibernate: select u1_0.user_id,u1_0.is_active,u1_0.sign_up_date,u1_0.email,u1_0.login,u1_0.password from users u1_0
Hibernate: select c1_0.user_id,c1_0.id from carts c1_0 where c1_0.user_id=?
Hibernate: delete from join_carts_products where cart_id=?
Hibernate: delete from carts where id=?
Hibernate: delete from users where user_id=?
Hibernate: select c1_0.id,c1_0.user_id from carts c1_0
Hibernate: select o1_0.id,o1_0.cart_id from orders o1_0
Hibernate: insert into users (is_active, sign_up_date, email, login, password, user_id) values (?, ?, ?, ?, ?, ?)
Hibernate: insert into users (is_active, sign_up_date, email, login, password, user_id) values (?, ?, ?, ?, ?, ?)
Hibernate: insert into users (is_active, sign_up_date, email, login, password, user_id) values (?, ?, ?, ?, ?, ?)
Hibernate: insert into carts (user_id, id) values (?, ?)
Hibernate: insert into carts (user_id, id) values (?, ?)
Hibernate: insert into carts (user_id, id) values (?, ?)
Hibernate: insert into carts (user_id, id) values (?, ?)
Hibernate: insert into carts (user_id, id) values (?, ?)
Hibernate: select c1_0.id,c1_0.user_id from carts c1_0
Hibernate: select u1_0.user_id,u1_0.is_active,u1_0.sign_up_date,u1_0.email,u1_0.login,u1_0.password from users u1_0 where u1_0.user_id=?
Hibernate: select u1_0.user_id,u1_0.is_active,u1_0.sign_up_date,u1_0.email,u1_0.login,u1_0.password from users u1_0 where u1_0.user_id=?
Hibernate: select u1_0.user_id,u1_0.is_active,u1_0.sign_up_date,u1_0.email,u1_0.login,u1_0.password from users u1_0 where u1_0.user_id=?
Hibernate: select u1_0.user_id,u1_0.is_active,u1_0.sign_up_date,u1_0.email,u1_0.login,u1_0.password from users u1_0
Hibernate: select c1_0.user_id,c1_0.id from carts c1_0 where c1_0.user_id=?
Hibernate: select c1_0.user_id,c1_0.id from carts c1_0 where c1_0.user_id=?
Hibernate: select c1_0.user_id,c1_0.id from carts c1_0 where c1_0.user_id=?
Hibernate: delete from join_carts_products where cart_id=?
Hibernate: delete from join_carts_products where cart_id=?
Hibernate: delete from join_carts_products where cart_id=?
Hibernate: delete from join_carts_products where cart_id=?
Hibernate: delete from join_carts_products where cart_id=?
Hibernate: delete from carts where id=?
Hibernate: delete from carts where id=?
Hibernate: delete from users where user_id=?
Hibernate: delete from carts where id=?
Hibernate: delete from carts where id=?
Hibernate: delete from users where user_id=?
Hibernate: delete from carts where id=?
Hibernate: delete from users where user_id=?
Hibernate: select c1_0.id,c1_0.user_id from carts c1_0
Hibernate: insert into users (is_active, sign_up_date, email, login, password, user_id) values (?, ?, ?, ?, ?, ?)
Hibernate: insert into users (is_active, sign_up_date, email, login, password, user_id) values (?, ?, ?, ?, ?, ?)
Hibernate: insert into carts (user_id, id) values (?, ?)
Hibernate: insert into carts (user_id, id) values (?, ?)
Hibernate: insert into carts (user_id, id) values (?, ?)
Hibernate: select c1_0.id,u1_0.user_id,u1_0.is_active,u1_0.sign_up_date,u1_0.email,u1_0.login,u1_0.password from carts c1_0 join users u1_0 on u1_0.user_id=c1_0.user_id where c1_0.id=?
Hibernate: select c1_0.id,p1_0.cart_id,p1_1.id,g1_0.id,g1_0.name,p1_1.name,p1_1.price,u1_0.user_id,u1_0.is_active,u1_0.sign_up_date,u1_0.email,u1_0.login,u1_0.password from carts c1_0 left join (join_carts_products p1_0 join products p1_1 on p1_1.id=p1_0.product_id) on c1_0.id=p1_0.cart_id left join `groups` g1_0 on g1_0.id=p1_1.group_id join users u1_0 on u1_0.user_id=c1_0.user_id where c1_0.id=?
Hibernate: select u1_0.user_id,u1_0.is_active,u1_0.sign_up_date,u1_0.email,u1_0.login,u1_0.password from users u1_0 where u1_0.user_id=?
Hibernate: update carts set user_id=? where id=?
Hibernate: select c1_0.id,u1_0.user_id,u1_0.is_active,u1_0.sign_up_date,u1_0.email,u1_0.login,u1_0.password from carts c1_0 join users u1_0 on u1_0.user_id=c1_0.user_id where c1_0.id=?
Hibernate: select u1_0.user_id,u1_0.is_active,u1_0.sign_up_date,u1_0.email,u1_0.login,u1_0.password from users u1_0
Hibernate: select c1_0.user_id,c1_0.id from carts c1_0 where c1_0.user_id=?
Hibernate: select c1_0.user_id,c1_0.id from carts c1_0 where c1_0.user_id=?
Hibernate: delete from join_carts_products where cart_id=?
Hibernate: delete from join_carts_products where cart_id=?
Hibernate: delete from join_carts_products where cart_id=?
Hibernate: delete from carts where id=?
Hibernate: delete from carts where id=?
Hibernate: delete from carts where id=?
Hibernate: delete from users where user_id=?
Hibernate: delete from users where user_id=?
Hibernate: select c1_0.id,c1_0.user_id from carts c1_0
Hibernate: insert into users (is_active, sign_up_date, email, login, password, user_id) values (?, ?, ?, ?, ?, ?)
Hibernate: insert into users (is_active, sign_up_date, email, login, password, user_id) values (?, ?, ?, ?, ?, ?)
Hibernate: insert into carts (user_id, id) values (?, ?)
Hibernate: insert into carts (user_id, id) values (?, ?)
Hibernate: insert into carts (user_id, id) values (?, ?)
Hibernate: select count(*) from carts c1_0
Hibernate: select c1_0.id,u1_0.user_id,u1_0.is_active,u1_0.sign_up_date,u1_0.email,u1_0.login,u1_0.password from carts c1_0 join users u1_0 on u1_0.user_id=c1_0.user_id where c1_0.id=?
Hibernate: delete from join_carts_products where cart_id=?
Hibernate: delete from carts where id=?
Hibernate: select count(*) from carts c1_0
Hibernate: select c1_0.id,u1_0.user_id,u1_0.is_active,u1_0.sign_up_date,u1_0.email,u1_0.login,u1_0.password from carts c1_0 join users u1_0 on u1_0.user_id=c1_0.user_id where c1_0.id=?
Hibernate: select u1_0.user_id,u1_0.is_active,u1_0.sign_up_date,u1_0.email,u1_0.login,u1_0.password from users u1_0
Hibernate: select c1_0.user_id,c1_0.id from carts c1_0 where c1_0.user_id=?
Hibernate: select c1_0.user_id,c1_0.id from carts c1_0 where c1_0.user_id=?
Hibernate: delete from join_carts_products where cart_id=?
Hibernate: delete from join_carts_products where cart_id=?
Hibernate: delete from carts where id=?
Hibernate: delete from users where user_id=?
Hibernate: delete from carts where id=?
Hibernate: delete from users where user_id=?
Hibernate: select c1_0.id,c1_0.user_id from carts c1_0
Hibernate: insert into users (is_active, sign_up_date, email, login, password, user_id) values (?, ?, ?, ?, ?, ?)
Hibernate: insert into users (is_active, sign_up_date, email, login, password, user_id) values (?, ?, ?, ?, ?, ?)
Hibernate: insert into users (is_active, sign_up_date, email, login, password, user_id) values (?, ?, ?, ?, ?, ?)
Hibernate: insert into carts (user_id, id) values (?, ?)
Hibernate: insert into carts (user_id, id) values (?, ?)
Hibernate: insert into carts (user_id, id) values (?, ?)
Hibernate: insert into carts (user_id, id) values (?, ?)
Hibernate: insert into carts (user_id, id) values (?, ?)
Hibernate: select count(*) from carts c1_0
Hibernate: select u1_0.user_id,u1_0.is_active,u1_0.sign_up_date,u1_0.email,u1_0.login,u1_0.password from users u1_0
Hibernate: select c1_0.user_id,c1_0.id from carts c1_0 where c1_0.user_id=?
Hibernate: select c1_0.user_id,c1_0.id from carts c1_0 where c1_0.user_id=?
Hibernate: select c1_0.user_id,c1_0.id from carts c1_0 where c1_0.user_id=?
Hibernate: delete from join_carts_products where cart_id=?
Hibernate: delete from join_carts_products where cart_id=?
Hibernate: delete from join_carts_products where cart_id=?
Hibernate: delete from join_carts_products where cart_id=?
Hibernate: delete from join_carts_products where cart_id=?
Hibernate: delete from carts where id=?
Hibernate: delete from carts where id=?
Hibernate: delete from users where user_id=?
Hibernate: delete from carts where id=?
Hibernate: delete from carts where id=?
Hibernate: delete from users where user_id=?
Hibernate: delete from carts where id=?
Hibernate: delete from users where user_id=?
Hibernate: select c1_0.id,c1_0.user_id from carts c1_0
Hibernate: insert into users (is_active, sign_up_date, email, login, password, user_id) values (?, ?, ?, ?, ?, ?)
Hibernate: insert into users (is_active, sign_up_date, email, login, password, user_id) values (?, ?, ?, ?, ?, ?)
Hibernate: insert into carts (user_id, id) values (?, ?)
Hibernate: insert into carts (user_id, id) values (?, ?)
Hibernate: insert into carts (user_id, id) values (?, ?)
Hibernate: select count(*) from carts c1_0
Hibernate: select u1_0.user_id,u1_0.is_active,u1_0.sign_up_date,u1_0.email,u1_0.login,u1_0.password from users u1_0
Hibernate: select c1_0.user_id,c1_0.id from carts c1_0 where c1_0.user_id=?
Hibernate: select c1_0.user_id,c1_0.id from carts c1_0 where c1_0.user_id=?
Hibernate: delete from join_carts_products where cart_id=?
Hibernate: delete from join_carts_products where cart_id=?
Hibernate: delete from join_carts_products where cart_id=?
Hibernate: delete from carts where id=?
Hibernate: delete from carts where id=?
Hibernate: delete from users where user_id=?
Hibernate: delete from carts where id=?
Hibernate: delete from users where user_id=?
Hibernate: select count(*) from carts c1_0
Hibernate: select count(*) from carts c1_0
Hibernate: select u1_0.user_id,u1_0.is_active,u1_0.sign_up_date,u1_0.email,u1_0.login,u1_0.password from users u1_0
Hibernate: select c1_0.id,c1_0.user_id from carts c1_0
Hibernate: insert into users (is_active, sign_up_date, email, login, password, user_id) values (?, ?, ?, ?, ?, ?)
Hibernate: select max(id) from `groups`
Hibernate: insert into `groups` (name, id) values (?, ?)
Hibernate: select max(id) from products
Hibernate: insert into products (group_id, name, price, id) values (?, ?, ?, ?)
Hibernate: insert into carts (user_id, id) values (?, ?)
Hibernate: select count(*) from carts c1_0
Hibernate: select p1_0.id,g1_0.id,g1_0.name,p1_0.name,p1_0.price from products p1_0 join `groups` g1_0 on g1_0.id=p1_0.group_id where p1_0.id=?
Hibernate: select p1_0.group_id,p1_0.id,p1_0.name,p1_0.price from products p1_0 where p1_0.group_id=?
Hibernate: delete from products where id=?
Hibernate: select count(*) from carts c1_0
Hibernate: select u1_0.user_id,u1_0.is_active,u1_0.sign_up_date,u1_0.email,u1_0.login,u1_0.password from users u1_0
Hibernate: select c1_0.user_id,c1_0.id from carts c1_0 where c1_0.user_id=?
Hibernate: delete from join_carts_products where cart_id=?
Hibernate: delete from carts where id=?
Hibernate: delete from users where user_id=?
Hibernate: select c1_0.id,c1_0.user_id from carts c1_0
Hibernate: select p1_0.id,p1_0.group_id,p1_0.name,p1_0.price from products p1_0
Hibernate: select g1_0.id,g1_0.name from `groups` g1_0
Hibernate: select p1_0.group_id,p1_0.id,p1_0.name,p1_0.price from products p1_0 where p1_0.group_id=?
Hibernate: delete from `groups` where id=?
]]></system-out>
  <system-err><![CDATA[]]></system-err>
</testsuite>
