<?xml version="1.0" encoding="UTF-8"?>
<testsuite name="org.ecommerce.domain.UsersTest" tests="6" skipped="0" failures="0" errors="0" timestamp="2023-05-03T17:31:34" hostname="DESKTOP-TRDO32M" time="0.176">
  <properties/>
  <testcase name="testUserCascadeWhenRemoveCart()" classname="org.ecommerce.domain.UsersTest" time="0.034"/>
  <testcase name="testUsersRepositoryGet()" classname="org.ecommerce.domain.UsersTest" time="0.029"/>
  <testcase name="testUsersRepositoryPut()" classname="org.ecommerce.domain.UsersTest" time="0.029"/>
  <testcase name="testUsersRepositoryGetById()" classname="org.ecommerce.domain.UsersTest" time="0.021"/>
  <testcase name="testUsersRepositoryDeleteById()" classname="org.ecommerce.domain.UsersTest" time="0.025"/>
  <testcase name="testUsersRepositoryPost()" classname="org.ecommerce.domain.UsersTest" time="0.034"/>
  <system-out><![CDATA[2023-05-03T19:31:34.280+02:00  INFO 11016 --- [    Test worker] t.c.s.AnnotationConfigContextLoaderUtils : Could not detect default configuration classes for test class [org.ecommerce.domain.UsersTest]: UsersTest does not declare any static, non-private, non-final, nested classes annotated with @Configuration.
2023-05-03T19:31:34.282+02:00  INFO 11016 --- [    Test worker] .b.t.c.SpringBootTestContextBootstrapper : Found @SpringBootConfiguration org.ecommerce.EcommerceApplication for test class org.ecommerce.domain.UsersTest
Hibernate: insert into users (is_active, sign_up_date, email, login, password, user_id) values (?, ?, ?, ?, ?, ?)
Hibernate: insert into carts (user_id, id) values (?, ?)
Hibernate: insert into carts (user_id, id) values (?, ?)
Hibernate: select count(*) from users u1_0
Hibernate: select c1_0.id,c1_0.user_id from carts c1_0
Hibernate: select u1_0.user_id,u1_0.is_active,u1_0.sign_up_date,u1_0.email,u1_0.login,u1_0.password from users u1_0 where u1_0.user_id=?
Hibernate: delete from join_carts_products where cart_id=?
Hibernate: delete from join_carts_products where cart_id=?
Hibernate: delete from carts where id=?
Hibernate: delete from carts where id=?
Hibernate: select count(*) from users u1_0
Hibernate: select u1_0.user_id,u1_0.is_active,u1_0.sign_up_date,u1_0.email,u1_0.login,u1_0.password from users u1_0
Hibernate: select c1_0.user_id,c1_0.id from carts c1_0 where c1_0.user_id=?
Hibernate: delete from users where user_id=?
Hibernate: insert into users (is_active, sign_up_date, email, login, password, user_id) values (?, ?, ?, ?, ?, ?)
Hibernate: insert into users (is_active, sign_up_date, email, login, password, user_id) values (?, ?, ?, ?, ?, ?)
Hibernate: insert into users (is_active, sign_up_date, email, login, password, user_id) values (?, ?, ?, ?, ?, ?)
Hibernate: insert into users (is_active, sign_up_date, email, login, password, user_id) values (?, ?, ?, ?, ?, ?)
Hibernate: select u1_0.user_id,u1_0.is_active,u1_0.sign_up_date,u1_0.email,u1_0.login,u1_0.password from users u1_0
Hibernate: select u1_0.user_id,u1_0.is_active,u1_0.sign_up_date,u1_0.email,u1_0.login,u1_0.password from users u1_0
Hibernate: select c1_0.user_id,c1_0.id from carts c1_0 where c1_0.user_id=?
Hibernate: select c1_0.user_id,c1_0.id from carts c1_0 where c1_0.user_id=?
Hibernate: select c1_0.user_id,c1_0.id from carts c1_0 where c1_0.user_id=?
Hibernate: select c1_0.user_id,c1_0.id from carts c1_0 where c1_0.user_id=?
Hibernate: delete from users where user_id=?
Hibernate: delete from users where user_id=?
Hibernate: delete from users where user_id=?
Hibernate: delete from users where user_id=?
Hibernate: insert into users (is_active, sign_up_date, email, login, password, user_id) values (?, ?, ?, ?, ?, ?)
Hibernate: insert into users (is_active, sign_up_date, email, login, password, user_id) values (?, ?, ?, ?, ?, ?)
Hibernate: select u1_0.user_id,u1_0.is_active,u1_0.sign_up_date,u1_0.email,u1_0.login,u1_0.password from users u1_0 where u1_0.user_id=?
Hibernate: select u1_0.user_id,u1_0.is_active,u1_0.sign_up_date,u1_0.email,u1_0.login,u1_0.password from users u1_0 where u1_0.user_id=?
Hibernate: update users set is_active=?, sign_up_date=?, email=?, login=?, password=? where user_id=?
Hibernate: select u1_0.user_id,u1_0.is_active,u1_0.sign_up_date,u1_0.email,u1_0.login,u1_0.password from users u1_0 where u1_0.user_id=?
Hibernate: select count(*) from users u1_0
Hibernate: select u1_0.user_id,u1_0.is_active,u1_0.sign_up_date,u1_0.email,u1_0.login,u1_0.password from users u1_0
Hibernate: select c1_0.user_id,c1_0.id from carts c1_0 where c1_0.user_id=?
Hibernate: select c1_0.user_id,c1_0.id from carts c1_0 where c1_0.user_id=?
Hibernate: delete from users where user_id=?
Hibernate: delete from users where user_id=?
Hibernate: insert into users (is_active, sign_up_date, email, login, password, user_id) values (?, ?, ?, ?, ?, ?)
Hibernate: insert into users (is_active, sign_up_date, email, login, password, user_id) values (?, ?, ?, ?, ?, ?)
Hibernate: insert into users (is_active, sign_up_date, email, login, password, user_id) values (?, ?, ?, ?, ?, ?)
Hibernate: select u1_0.user_id,u1_0.is_active,u1_0.sign_up_date,u1_0.email,u1_0.login,u1_0.password from users u1_0
Hibernate: select c1_0.user_id,c1_0.id from carts c1_0 where c1_0.user_id=?
Hibernate: select c1_0.user_id,c1_0.id from carts c1_0 where c1_0.user_id=?
Hibernate: select c1_0.user_id,c1_0.id from carts c1_0 where c1_0.user_id=?
Hibernate: delete from users where user_id=?
Hibernate: delete from users where user_id=?
Hibernate: delete from users where user_id=?
Hibernate: insert into users (is_active, sign_up_date, email, login, password, user_id) values (?, ?, ?, ?, ?, ?)
Hibernate: insert into users (is_active, sign_up_date, email, login, password, user_id) values (?, ?, ?, ?, ?, ?)
Hibernate: select u1_0.user_id,u1_0.is_active,u1_0.sign_up_date,u1_0.email,u1_0.login,u1_0.password from users u1_0 where u1_0.user_id=?
Hibernate: select c1_0.user_id,c1_0.id from carts c1_0 where c1_0.user_id=?
Hibernate: delete from users where user_id=?
Hibernate: select count(*) from users u1_0
Hibernate: select u1_0.user_id,u1_0.is_active,u1_0.sign_up_date,u1_0.email,u1_0.login,u1_0.password from users u1_0 where u1_0.user_id=?
Hibernate: select u1_0.user_id,u1_0.is_active,u1_0.sign_up_date,u1_0.email,u1_0.login,u1_0.password from users u1_0
Hibernate: select c1_0.user_id,c1_0.id from carts c1_0 where c1_0.user_id=?
Hibernate: delete from users where user_id=?
Hibernate: insert into users (is_active, sign_up_date, email, login, password, user_id) values (?, ?, ?, ?, ?, ?)
Hibernate: insert into users (is_active, sign_up_date, email, login, password, user_id) values (?, ?, ?, ?, ?, ?)
Hibernate: insert into users (is_active, sign_up_date, email, login, password, user_id) values (?, ?, ?, ?, ?, ?)
Hibernate: insert into users (is_active, sign_up_date, email, login, password, user_id) values (?, ?, ?, ?, ?, ?)
Hibernate: insert into users (is_active, sign_up_date, email, login, password, user_id) values (?, ?, ?, ?, ?, ?)
Hibernate: select count(*) from users u1_0
Hibernate: select u1_0.user_id,u1_0.is_active,u1_0.sign_up_date,u1_0.email,u1_0.login,u1_0.password from users u1_0
Hibernate: select c1_0.user_id,c1_0.id from carts c1_0 where c1_0.user_id=?
Hibernate: select c1_0.user_id,c1_0.id from carts c1_0 where c1_0.user_id=?
Hibernate: select c1_0.user_id,c1_0.id from carts c1_0 where c1_0.user_id=?
Hibernate: select c1_0.user_id,c1_0.id from carts c1_0 where c1_0.user_id=?
Hibernate: select c1_0.user_id,c1_0.id from carts c1_0 where c1_0.user_id=?
Hibernate: delete from users where user_id=?
Hibernate: delete from users where user_id=?
Hibernate: delete from users where user_id=?
Hibernate: delete from users where user_id=?
Hibernate: delete from users where user_id=?
]]></system-out>
  <system-err><![CDATA[]]></system-err>
</testsuite>
